0 info it worked if it ends with ok
1 verbose cli [ '/usr/local/Cellar/node/5.3.0/bin/node',
1 verbose cli   '/usr/local/bin/npm',
1 verbose cli   'install',
1 verbose cli   'bootstrap-modal',
1 verbose cli   '--save' ]
2 info using npm@3.3.12
3 info using node@v5.3.0
4 silly loadCurrentTree Starting
5 silly install loadCurrentTree
6 silly install readLocalPackageData
7 silly fetchPackageMetaData bootstrap-modal
8 silly fetchNamedPackageData bootstrap-modal
9 silly mapToRegistry name bootstrap-modal
10 silly mapToRegistry using default registry
11 silly mapToRegistry registry https://registry.npmjs.org/
12 silly mapToRegistry uri https://registry.npmjs.org/bootstrap-modal
13 verbose request uri https://registry.npmjs.org/bootstrap-modal
14 verbose request no auth needed
15 info attempt registry request try #1 at 9:41:20 PM
16 verbose request id 3883e0f60831ceef
17 http request GET https://registry.npmjs.org/bootstrap-modal
18 http 200 https://registry.npmjs.org/bootstrap-modal
19 verbose headers { server: 'CouchDB/1.5.0 (Erlang OTP/R16B03)',
19 verbose headers   etag: '"ETVMWXKGMUP5XKF4NOJ2G42X5"',
19 verbose headers   'content-type': 'application/json',
19 verbose headers   'cache-control': 'max-age=300',
19 verbose headers   'content-length': '12635',
19 verbose headers   'accept-ranges': 'bytes',
19 verbose headers   date: 'Thu, 28 Jan 2016 05:41:20 GMT',
19 verbose headers   via: '1.1 varnish',
19 verbose headers   age: '0',
19 verbose headers   connection: 'keep-alive',
19 verbose headers   'x-served-by': 'cache-lax1435-LAX',
19 verbose headers   'x-cache': 'MISS',
19 verbose headers   'x-cache-hits': '0',
19 verbose headers   'x-timer': 'S1453959680.216928,VS0,VE380',
19 verbose headers   vary: 'Accept' }
20 silly get cb [ 200,
20 silly get   { server: 'CouchDB/1.5.0 (Erlang OTP/R16B03)',
20 silly get     etag: '"ETVMWXKGMUP5XKF4NOJ2G42X5"',
20 silly get     'content-type': 'application/json',
20 silly get     'cache-control': 'max-age=300',
20 silly get     'content-length': '12635',
20 silly get     'accept-ranges': 'bytes',
20 silly get     date: 'Thu, 28 Jan 2016 05:41:20 GMT',
20 silly get     via: '1.1 varnish',
20 silly get     age: '0',
20 silly get     connection: 'keep-alive',
20 silly get     'x-served-by': 'cache-lax1435-LAX',
20 silly get     'x-cache': 'MISS',
20 silly get     'x-cache-hits': '0',
20 silly get     'x-timer': 'S1453959680.216928,VS0,VE380',
20 silly get     vary: 'Accept' } ]
21 verbose get saving bootstrap-modal to /Users/kristinhoffer/.npm/registry.npmjs.org/bootstrap-modal/.cache.json
22 silly install normalizeTree
23 silly loadCurrentTree Finishing
24 silly loadIdealTree Starting
25 silly install loadIdealTree
26 silly cloneCurrentTree Starting
27 silly install cloneCurrentTreeToIdealTree
28 silly cloneCurrentTree Finishing
29 silly loadShrinkwrap Starting
30 silly install loadShrinkwrap
31 silly loadShrinkwrap Finishing
32 silly loadAllDepsIntoIdealTree Starting
33 silly install loadAllDepsIntoIdealTree
34 silly resolveWithNewModule bootstrap-modal@1.1.1 checking installable status
35 silly cache add args [ 'bootstrap-modal', null ]
36 verbose cache add spec bootstrap-modal
37 silly cache add parsed spec Result {
37 silly cache add   raw: 'bootstrap-modal',
37 silly cache add   scope: null,
37 silly cache add   name: 'bootstrap-modal',
37 silly cache add   rawSpec: '',
37 silly cache add   spec: '*',
37 silly cache add   type: 'range' }
38 silly addNamed bootstrap-modal@*
39 verbose addNamed "*" is a valid semver range for bootstrap-modal
40 silly addNameRange { name: 'bootstrap-modal', range: '*', hasData: false }
41 silly mapToRegistry name bootstrap-modal
42 silly mapToRegistry using default registry
43 silly mapToRegistry registry https://registry.npmjs.org/
44 silly mapToRegistry uri https://registry.npmjs.org/bootstrap-modal
45 verbose addNameRange registry:https://registry.npmjs.org/bootstrap-modal not in flight; fetching
46 verbose get https://registry.npmjs.org/bootstrap-modal not expired, no request
47 silly addNameRange number 2 { name: 'bootstrap-modal', range: '*', hasData: true }
48 silly addNameRange versions [ 'bootstrap-modal',
48 silly addNameRange   [ '1.0.0', '1.0.1', '1.0.2', '1.1.0', '1.1.1' ] ]
49 silly addNamed bootstrap-modal@1.1.1
50 verbose addNamed "1.1.1" is a plain semver version for bootstrap-modal
51 silly mapToRegistry name bootstrap-modal
52 silly mapToRegistry using default registry
53 silly mapToRegistry registry https://registry.npmjs.org/
54 silly mapToRegistry uri https://registry.npmjs.org/bootstrap-modal
55 verbose addRemoteTarball https://registry.npmjs.org/bootstrap-modal/-/bootstrap-modal-1.1.1.tgz not in flight; adding
56 verbose addRemoteTarball [ 'https://registry.npmjs.org/bootstrap-modal/-/bootstrap-modal-1.1.1.tgz',
56 verbose addRemoteTarball   'd1503384ef3042a8339e9443bcbd3251eaeb4703' ]
57 info retry fetch attempt 1 at 9:41:21 PM
58 info attempt registry request try #1 at 9:41:21 PM
59 http fetch GET https://registry.npmjs.org/bootstrap-modal/-/bootstrap-modal-1.1.1.tgz
60 http fetch 200 https://registry.npmjs.org/bootstrap-modal/-/bootstrap-modal-1.1.1.tgz
61 silly fetchAndShaCheck shasum d1503384ef3042a8339e9443bcbd3251eaeb4703
62 verbose addTmpTarball /var/folders/dt/df3zb3qn1yv8gw8z80q1vf080000gn/T/npm-5425-cca5536a/registry.npmjs.org/bootstrap-modal/-/bootstrap-modal-1.1.1.tgz not in flight; adding
63 verbose addTmpTarball already have metadata; skipping unpack for bootstrap-modal@1.1.1
64 silly cache afterAdd bootstrap-modal@1.1.1
65 verbose afterAdd /Users/kristinhoffer/.npm/bootstrap-modal/1.1.1/package/package.json not in flight; writing
66 verbose afterAdd /Users/kristinhoffer/.npm/bootstrap-modal/1.1.1/package/package.json written
67 silly fetchNamedPackageData liquid-tether
68 silly mapToRegistry name liquid-tether
69 silly mapToRegistry using default registry
70 silly mapToRegistry registry https://registry.npmjs.org/
71 silly mapToRegistry uri https://registry.npmjs.org/liquid-tether
72 silly fetchNamedPackageData ember-cli-htmlbars
73 silly mapToRegistry name ember-cli-htmlbars
74 silly mapToRegistry using default registry
75 silly mapToRegistry registry https://registry.npmjs.org/
76 silly mapToRegistry uri https://registry.npmjs.org/ember-cli-htmlbars
77 silly fetchNamedPackageData ember-cli-babel
78 silly mapToRegistry name ember-cli-babel
79 silly mapToRegistry using default registry
80 silly mapToRegistry registry https://registry.npmjs.org/
81 silly mapToRegistry uri https://registry.npmjs.org/ember-cli-babel
82 silly fetchOtherPackageData liquid-fire@github:knownasilya/liquid-fire#patch-1
83 silly cache add args [ 'liquid-fire@github:knownasilya/liquid-fire#patch-1', null ]
84 verbose cache add spec liquid-fire@github:knownasilya/liquid-fire#patch-1
85 verbose request uri https://registry.npmjs.org/liquid-tether
86 verbose request no auth needed
87 info attempt registry request try #1 at 9:41:21 PM
88 http request GET https://registry.npmjs.org/liquid-tether
89 verbose request uri https://registry.npmjs.org/ember-cli-htmlbars
90 verbose request no auth needed
91 info attempt registry request try #1 at 9:41:21 PM
92 http request GET https://registry.npmjs.org/ember-cli-htmlbars
93 verbose request uri https://registry.npmjs.org/ember-cli-babel
94 verbose request no auth needed
95 info attempt registry request try #1 at 9:41:21 PM
96 http request GET https://registry.npmjs.org/ember-cli-babel
97 silly cache add parsed spec Result {
97 silly cache add   raw: 'liquid-fire@github:knownasilya/liquid-fire#patch-1',
97 silly cache add   scope: null,
97 silly cache add   name: 'liquid-fire',
97 silly cache add   rawSpec: 'github:knownasilya/liquid-fire#patch-1',
97 silly cache add   spec: 'github:knownasilya/liquid-fire#patch-1',
97 silly cache add   type: 'hosted',
97 silly cache add   hosted:
97 silly cache add    { type: 'github',
97 silly cache add      ssh: 'git@github.com:knownasilya/liquid-fire.git#patch-1',
97 silly cache add      sshUrl: 'git+ssh://git@github.com/knownasilya/liquid-fire.git#patch-1',
97 silly cache add      httpsUrl: 'git+https://github.com/knownasilya/liquid-fire.git#patch-1',
97 silly cache add      gitUrl: 'git://github.com/knownasilya/liquid-fire.git#patch-1',
97 silly cache add      shortcut: 'github:knownasilya/liquid-fire#patch-1',
97 silly cache add      directUrl: 'https://raw.githubusercontent.com/knownasilya/liquid-fire/patch-1/package.json' } }
98 verbose addRemoteGit caching github:knownasilya/liquid-fire#patch-1
99 verbose addRemoteGit knownasilya/liquid-fire#patch-1 is a repository hosted by github
100 silly tryGitProto attempting to clone git://github.com/knownasilya/liquid-fire.git#patch-1
101 silly tryClone cloning knownasilya/liquid-fire#patch-1 via git://github.com/knownasilya/liquid-fire.git#patch-1
102 verbose tryClone git-github-com-knownasilya-liquid-fire-git-patch-1-9e5626c312a33c9b6b4e665f83c799b8 not in flight; caching
103 verbose makeDirectory /Users/kristinhoffer/.npm/_git-remotes creation not in flight; initializing
104 silly makeDirectory /Users/kristinhoffer/.npm/_git-remotes uid: 501 gid: 20
105 info git [ 'clone',
105 info git   '--template=/Users/kristinhoffer/.npm/_git-remotes/_templates',
105 info git   '--mirror',
105 info git   'git://github.com/knownasilya/liquid-fire.git',
105 info git   '/Users/kristinhoffer/.npm/_git-remotes/git-github-com-knownasilya-liquid-fire-git-patch-1-9e5626c312a33c9b6b4e665f83c799b8' ]
106 http 200 https://registry.npmjs.org/ember-cli-babel
107 verbose headers { server: 'CouchDB/1.5.0 (Erlang OTP/R16B03)',
107 verbose headers   etag: '"A3PHEFJYM0Z2TVQXHSXHJ37AS"',
107 verbose headers   'content-type': 'application/json',
107 verbose headers   'cache-control': 'max-age=300',
107 verbose headers   'content-length': '26958',
107 verbose headers   'accept-ranges': 'bytes',
107 verbose headers   date: 'Thu, 28 Jan 2016 05:41:21 GMT',
107 verbose headers   via: '1.1 varnish',
107 verbose headers   age: '285',
107 verbose headers   connection: 'keep-alive',
107 verbose headers   'x-served-by': 'cache-lax1427-LAX',
107 verbose headers   'x-cache': 'HIT',
107 verbose headers   'x-cache-hits': '1',
107 verbose headers   'x-timer': 'S1453959681.502108,VS0,VE0',
107 verbose headers   vary: 'Accept' }
108 silly get cb [ 200,
108 silly get   { server: 'CouchDB/1.5.0 (Erlang OTP/R16B03)',
108 silly get     etag: '"A3PHEFJYM0Z2TVQXHSXHJ37AS"',
108 silly get     'content-type': 'application/json',
108 silly get     'cache-control': 'max-age=300',
108 silly get     'content-length': '26958',
108 silly get     'accept-ranges': 'bytes',
108 silly get     date: 'Thu, 28 Jan 2016 05:41:21 GMT',
108 silly get     via: '1.1 varnish',
108 silly get     age: '285',
108 silly get     connection: 'keep-alive',
108 silly get     'x-served-by': 'cache-lax1427-LAX',
108 silly get     'x-cache': 'HIT',
108 silly get     'x-cache-hits': '1',
108 silly get     'x-timer': 'S1453959681.502108,VS0,VE0',
108 silly get     vary: 'Accept' } ]
109 verbose get saving ember-cli-babel to /Users/kristinhoffer/.npm/registry.npmjs.org/ember-cli-babel/.cache.json
110 silly resolveWithNewModule ember-cli-babel@5.1.6 checking installable status
111 silly cache add args [ 'ember-cli-babel@5.1.6', null ]
112 verbose cache add spec ember-cli-babel@5.1.6
113 silly cache add parsed spec Result {
113 silly cache add   raw: 'ember-cli-babel@5.1.6',
113 silly cache add   scope: null,
113 silly cache add   name: 'ember-cli-babel',
113 silly cache add   rawSpec: '5.1.6',
113 silly cache add   spec: '5.1.6',
113 silly cache add   type: 'version' }
114 silly addNamed ember-cli-babel@5.1.6
115 verbose addNamed "5.1.6" is a plain semver version for ember-cli-babel
116 silly mapToRegistry name ember-cli-babel
117 silly mapToRegistry using default registry
118 silly mapToRegistry registry https://registry.npmjs.org/
119 silly mapToRegistry uri https://registry.npmjs.org/ember-cli-babel
120 verbose addNameVersion registry:https://registry.npmjs.org/ember-cli-babel not in flight; fetching
121 verbose get https://registry.npmjs.org/ember-cli-babel not expired, no request
122 silly mapToRegistry name ember-cli-babel
123 silly mapToRegistry using default registry
124 silly mapToRegistry registry https://registry.npmjs.org/
125 silly mapToRegistry uri https://registry.npmjs.org/ember-cli-babel
126 verbose addRemoteTarball https://registry.npmjs.org/ember-cli-babel/-/ember-cli-babel-5.1.6.tgz not in flight; adding
127 verbose addRemoteTarball [ 'https://registry.npmjs.org/ember-cli-babel/-/ember-cli-babel-5.1.6.tgz',
127 verbose addRemoteTarball   'd3e4fe59d96589adf7db1d99ff4f6b9dfa9dc132' ]
128 info retry fetch attempt 1 at 9:41:21 PM
129 info attempt registry request try #1 at 9:41:21 PM
130 http fetch GET https://registry.npmjs.org/ember-cli-babel/-/ember-cli-babel-5.1.6.tgz
131 http 200 https://registry.npmjs.org/ember-cli-htmlbars
132 verbose headers { server: 'CouchDB/1.5.0 (Erlang OTP/R16B03)',
132 verbose headers   etag: '"DAMQ1L2FZRHS6CXHKY58NINYH"',
132 verbose headers   'content-type': 'application/json',
132 verbose headers   'cache-control': 'max-age=300',
132 verbose headers   'content-length': '53651',
132 verbose headers   'accept-ranges': 'bytes',
132 verbose headers   date: 'Thu, 28 Jan 2016 05:41:21 GMT',
132 verbose headers   via: '1.1 varnish',
132 verbose headers   age: '284',
132 verbose headers   connection: 'keep-alive',
132 verbose headers   'x-served-by': 'cache-lax1425-LAX',
132 verbose headers   'x-cache': 'HIT',
132 verbose headers   'x-cache-hits': '1',
132 verbose headers   'x-timer': 'S1453959681.509693,VS0,VE0',
132 verbose headers   vary: 'Accept' }
133 silly get cb [ 200,
133 silly get   { server: 'CouchDB/1.5.0 (Erlang OTP/R16B03)',
133 silly get     etag: '"DAMQ1L2FZRHS6CXHKY58NINYH"',
133 silly get     'content-type': 'application/json',
133 silly get     'cache-control': 'max-age=300',
133 silly get     'content-length': '53651',
133 silly get     'accept-ranges': 'bytes',
133 silly get     date: 'Thu, 28 Jan 2016 05:41:21 GMT',
133 silly get     via: '1.1 varnish',
133 silly get     age: '284',
133 silly get     connection: 'keep-alive',
133 silly get     'x-served-by': 'cache-lax1425-LAX',
133 silly get     'x-cache': 'HIT',
133 silly get     'x-cache-hits': '1',
133 silly get     'x-timer': 'S1453959681.509693,VS0,VE0',
133 silly get     vary: 'Accept' } ]
134 verbose get saving ember-cli-htmlbars to /Users/kristinhoffer/.npm/registry.npmjs.org/ember-cli-htmlbars/.cache.json
135 silly resolveWithNewModule ember-cli-htmlbars@1.0.1 checking installable status
136 silly cache add args [ 'ember-cli-htmlbars@1.0.1', null ]
137 verbose cache add spec ember-cli-htmlbars@1.0.1
138 silly cache add parsed spec Result {
138 silly cache add   raw: 'ember-cli-htmlbars@1.0.1',
138 silly cache add   scope: null,
138 silly cache add   name: 'ember-cli-htmlbars',
138 silly cache add   rawSpec: '1.0.1',
138 silly cache add   spec: '1.0.1',
138 silly cache add   type: 'version' }
139 silly addNamed ember-cli-htmlbars@1.0.1
140 verbose addNamed "1.0.1" is a plain semver version for ember-cli-htmlbars
141 silly mapToRegistry name ember-cli-htmlbars
142 silly mapToRegistry using default registry
143 silly mapToRegistry registry https://registry.npmjs.org/
144 silly mapToRegistry uri https://registry.npmjs.org/ember-cli-htmlbars
145 verbose addNameVersion registry:https://registry.npmjs.org/ember-cli-htmlbars not in flight; fetching
146 verbose get https://registry.npmjs.org/ember-cli-htmlbars not expired, no request
147 silly mapToRegistry name ember-cli-htmlbars
148 silly mapToRegistry using default registry
149 silly mapToRegistry registry https://registry.npmjs.org/
150 silly mapToRegistry uri https://registry.npmjs.org/ember-cli-htmlbars
151 verbose addRemoteTarball https://registry.npmjs.org/ember-cli-htmlbars/-/ember-cli-htmlbars-1.0.1.tgz not in flight; adding
152 verbose addRemoteTarball [ 'https://registry.npmjs.org/ember-cli-htmlbars/-/ember-cli-htmlbars-1.0.1.tgz',
152 verbose addRemoteTarball   '1143fea0f73013b1d7eb24fdf83ffff4abba0780' ]
153 info retry fetch attempt 1 at 9:41:21 PM
154 info attempt registry request try #1 at 9:41:21 PM
155 http fetch GET https://registry.npmjs.org/ember-cli-htmlbars/-/ember-cli-htmlbars-1.0.1.tgz
156 http fetch 200 https://registry.npmjs.org/ember-cli-babel/-/ember-cli-babel-5.1.6.tgz
157 silly fetchAndShaCheck shasum d3e4fe59d96589adf7db1d99ff4f6b9dfa9dc132
158 verbose addTmpTarball /var/folders/dt/df3zb3qn1yv8gw8z80q1vf080000gn/T/npm-5425-cca5536a/registry.npmjs.org/ember-cli-babel/-/ember-cli-babel-5.1.6.tgz not in flight; adding
159 verbose addTmpTarball already have metadata; skipping unpack for ember-cli-babel@5.1.6
160 silly cache afterAdd ember-cli-babel@5.1.6
161 verbose afterAdd /Users/kristinhoffer/.npm/ember-cli-babel/5.1.6/package/package.json not in flight; writing
162 verbose afterAdd /Users/kristinhoffer/.npm/ember-cli-babel/5.1.6/package/package.json written
163 http 200 https://registry.npmjs.org/liquid-tether
164 verbose headers { server: 'CouchDB/1.5.0 (Erlang OTP/R16B03)',
164 verbose headers   etag: '"C15RZQRHWLGUH52RUO0T4RZQE"',
164 verbose headers   'content-type': 'application/json',
164 verbose headers   'cache-control': 'max-age=300',
164 verbose headers   'content-length': '24098',
164 verbose headers   'accept-ranges': 'bytes',
164 verbose headers   date: 'Thu, 28 Jan 2016 05:41:21 GMT',
164 verbose headers   via: '1.1 varnish',
164 verbose headers   age: '0',
164 verbose headers   connection: 'keep-alive',
164 verbose headers   'x-served-by': 'cache-lax1425-LAX',
164 verbose headers   'x-cache': 'MISS',
164 verbose headers   'x-cache-hits': '0',
164 verbose headers   'x-timer': 'S1453959681.503609,VS0,VE227',
164 verbose headers   vary: 'Accept' }
165 silly get cb [ 200,
165 silly get   { server: 'CouchDB/1.5.0 (Erlang OTP/R16B03)',
165 silly get     etag: '"C15RZQRHWLGUH52RUO0T4RZQE"',
165 silly get     'content-type': 'application/json',
165 silly get     'cache-control': 'max-age=300',
165 silly get     'content-length': '24098',
165 silly get     'accept-ranges': 'bytes',
165 silly get     date: 'Thu, 28 Jan 2016 05:41:21 GMT',
165 silly get     via: '1.1 varnish',
165 silly get     age: '0',
165 silly get     connection: 'keep-alive',
165 silly get     'x-served-by': 'cache-lax1425-LAX',
165 silly get     'x-cache': 'MISS',
165 silly get     'x-cache-hits': '0',
165 silly get     'x-timer': 'S1453959681.503609,VS0,VE227',
165 silly get     vary: 'Accept' } ]
166 verbose get saving liquid-tether to /Users/kristinhoffer/.npm/registry.npmjs.org/liquid-tether/.cache.json
167 silly resolveWithNewModule liquid-tether@0.1.10 checking installable status
168 silly cache add args [ 'liquid-tether@0.1.10', null ]
169 verbose cache add spec liquid-tether@0.1.10
170 silly cache add parsed spec Result {
170 silly cache add   raw: 'liquid-tether@0.1.10',
170 silly cache add   scope: null,
170 silly cache add   name: 'liquid-tether',
170 silly cache add   rawSpec: '0.1.10',
170 silly cache add   spec: '0.1.10',
170 silly cache add   type: 'version' }
171 silly addNamed liquid-tether@0.1.10
172 verbose addNamed "0.1.10" is a plain semver version for liquid-tether
173 silly mapToRegistry name liquid-tether
174 silly mapToRegistry using default registry
175 silly mapToRegistry registry https://registry.npmjs.org/
176 silly mapToRegistry uri https://registry.npmjs.org/liquid-tether
177 verbose addNameVersion registry:https://registry.npmjs.org/liquid-tether not in flight; fetching
178 verbose get https://registry.npmjs.org/liquid-tether not expired, no request
179 silly mapToRegistry name liquid-tether
180 silly mapToRegistry using default registry
181 silly mapToRegistry registry https://registry.npmjs.org/
182 silly mapToRegistry uri https://registry.npmjs.org/liquid-tether
183 verbose addRemoteTarball https://registry.npmjs.org/liquid-tether/-/liquid-tether-0.1.10.tgz not in flight; adding
184 verbose addRemoteTarball [ 'https://registry.npmjs.org/liquid-tether/-/liquid-tether-0.1.10.tgz',
184 verbose addRemoteTarball   '50ba5e1c13d15e287105ff0c95dd8015f85085e8' ]
185 info retry fetch attempt 1 at 9:41:21 PM
186 info attempt registry request try #1 at 9:41:21 PM
187 http fetch GET https://registry.npmjs.org/liquid-tether/-/liquid-tether-0.1.10.tgz
188 http fetch 200 https://registry.npmjs.org/ember-cli-htmlbars/-/ember-cli-htmlbars-1.0.1.tgz
189 silly fetchAndShaCheck shasum 1143fea0f73013b1d7eb24fdf83ffff4abba0780
190 verbose addTmpTarball /var/folders/dt/df3zb3qn1yv8gw8z80q1vf080000gn/T/npm-5425-cca5536a/registry.npmjs.org/ember-cli-htmlbars/-/ember-cli-htmlbars-1.0.1.tgz not in flight; adding
191 verbose addTmpTarball already have metadata; skipping unpack for ember-cli-htmlbars@1.0.1
192 silly cache afterAdd ember-cli-htmlbars@1.0.1
193 verbose afterAdd /Users/kristinhoffer/.npm/ember-cli-htmlbars/1.0.1/package/package.json not in flight; writing
194 verbose afterAdd /Users/kristinhoffer/.npm/ember-cli-htmlbars/1.0.1/package/package.json written
195 http fetch 200 https://registry.npmjs.org/liquid-tether/-/liquid-tether-0.1.10.tgz
196 silly fetchAndShaCheck shasum 50ba5e1c13d15e287105ff0c95dd8015f85085e8
197 verbose addTmpTarball /var/folders/dt/df3zb3qn1yv8gw8z80q1vf080000gn/T/npm-5425-cca5536a/registry.npmjs.org/liquid-tether/-/liquid-tether-0.1.10.tgz not in flight; adding
198 verbose addTmpTarball already have metadata; skipping unpack for liquid-tether@0.1.10
199 silly cache afterAdd liquid-tether@0.1.10
200 verbose afterAdd /Users/kristinhoffer/.npm/liquid-tether/0.1.10/package/package.json not in flight; writing
201 verbose afterAdd /Users/kristinhoffer/.npm/liquid-tether/0.1.10/package/package.json written
202 verbose mirrorRemote knownasilya/liquid-fire#patch-1 git clone git://github.com/knownasilya/liquid-fire.git
203 verbose setPermissions knownasilya/liquid-fire#patch-1 set permissions on /Users/kristinhoffer/.npm/_git-remotes/git-github-com-knownasilya-liquid-fire-git-patch-1-9e5626c312a33c9b6b4e665f83c799b8
204 verbose resolveHead knownasilya/liquid-fire#patch-1 original treeish: patch-1
205 info git [ 'rev-list', '-n1', 'patch-1' ]
206 error git rev-list -n1 patch-1: fatal: ambiguous argument 'patch-1': unknown revision or path not in the working tree.
206 error git rev-list -n1 patch-1: Use '--' to separate paths from revisions, like this:
206 error git rev-list -n1 patch-1: 'git <command> [<revision>...] -- [<file>...]'
207 silly tryHTTPS attempting to clone git+https://github.com/knownasilya/liquid-fire.git#patch-1
208 silly tryClone cloning knownasilya/liquid-fire#patch-1 via git+https://github.com/knownasilya/liquid-fire.git#patch-1
209 verbose tryClone git-https-github-com-knownasilya-liquid-fire-git-patch-1-e6ae75036c08d1b5c828ef51ecbd36b5 not in flight; caching
210 info git [ 'clone',
210 info git   '--template=/Users/kristinhoffer/.npm/_git-remotes/_templates',
210 info git   '--mirror',
210 info git   'https://github.com/knownasilya/liquid-fire.git',
210 info git   '/Users/kristinhoffer/.npm/_git-remotes/git-https-github-com-knownasilya-liquid-fire-git-patch-1-e6ae75036c08d1b5c828ef51ecbd36b5' ]
211 verbose mirrorRemote knownasilya/liquid-fire#patch-1 git clone https://github.com/knownasilya/liquid-fire.git
212 verbose setPermissions knownasilya/liquid-fire#patch-1 set permissions on /Users/kristinhoffer/.npm/_git-remotes/git-https-github-com-knownasilya-liquid-fire-git-patch-1-e6ae75036c08d1b5c828ef51ecbd36b5
213 verbose resolveHead knownasilya/liquid-fire#patch-1 original treeish: patch-1
214 info git [ 'rev-list', '-n1', 'patch-1' ]
215 error git rev-list -n1 patch-1: fatal: ambiguous argument 'patch-1': unknown revision or path not in the working tree.
215 error git rev-list -n1 patch-1: Use '--' to separate paths from revisions, like this:
215 error git rev-list -n1 patch-1: 'git <command> [<revision>...] -- [<file>...]'
216 silly trySSH attempting to clone git@github.com:knownasilya/liquid-fire.git#patch-1
217 silly tryClone cloning knownasilya/liquid-fire#patch-1 via git@github.com:knownasilya/liquid-fire.git#patch-1
218 verbose tryClone git-github-com-knownasilya-liquid-fire-git-patch-1-6e9eea4addf5c1e729cc90aa92fb1491 not in flight; caching
219 info git [ 'clone',
219 info git   '--template=/Users/kristinhoffer/.npm/_git-remotes/_templates',
219 info git   '--mirror',
219 info git   'git@github.com:knownasilya/liquid-fire.git',
219 info git   '/Users/kristinhoffer/.npm/_git-remotes/git-github-com-knownasilya-liquid-fire-git-patch-1-6e9eea4addf5c1e729cc90aa92fb1491' ]
220 verbose mirrorRemote knownasilya/liquid-fire#patch-1 git clone git@github.com:knownasilya/liquid-fire.git
221 verbose setPermissions knownasilya/liquid-fire#patch-1 set permissions on /Users/kristinhoffer/.npm/_git-remotes/git-github-com-knownasilya-liquid-fire-git-patch-1-6e9eea4addf5c1e729cc90aa92fb1491
222 verbose resolveHead knownasilya/liquid-fire#patch-1 original treeish: patch-1
223 info git [ 'rev-list', '-n1', 'patch-1' ]
224 error git rev-list -n1 patch-1: fatal: ambiguous argument 'patch-1': unknown revision or path not in the working tree.
224 error git rev-list -n1 patch-1: Use '--' to separate paths from revisions, like this:
224 error git rev-list -n1 patch-1: 'git <command> [<revision>...] -- [<file>...]'
225 silly fetchPackageMetaData Error: Command failed: git rev-list -n1 patch-1
225 silly fetchPackageMetaData fatal: ambiguous argument 'patch-1': unknown revision or path not in the working tree.
225 silly fetchPackageMetaData Use '--' to separate paths from revisions, like this:
225 silly fetchPackageMetaData 'git <command> [<revision>...] -- [<file>...]'
225 silly fetchPackageMetaData
225 silly fetchPackageMetaData     at ChildProcess.exithandler (child_process.js:213:12)
225 silly fetchPackageMetaData     at emitTwo (events.js:87:13)
225 silly fetchPackageMetaData     at ChildProcess.emit (events.js:172:7)
225 silly fetchPackageMetaData     at maybeClose (internal/child_process.js:818:16)
225 silly fetchPackageMetaData     at Process.ChildProcess._handle.onexit (internal/child_process.js:211:5)
225 silly fetchPackageMetaData  error for liquid-fire@github:knownasilya/liquid-fire#patch-1 { [Error: Command failed: git rev-list -n1 patch-1
225 silly fetchPackageMetaData fatal: ambiguous argument 'patch-1': unknown revision or path not in the working tree.
225 silly fetchPackageMetaData Use '--' to separate paths from revisions, like this:
225 silly fetchPackageMetaData 'git <command> [<revision>...] -- [<file>...]'
225 silly fetchPackageMetaData ]
225 silly fetchPackageMetaData   killed: false,
225 silly fetchPackageMetaData   code: 128,
225 silly fetchPackageMetaData   signal: null,
225 silly fetchPackageMetaData   cmd: 'git rev-list -n1 patch-1' }
226 silly rollbackFailedOptional Starting
227 silly rollbackFailedOptional Finishing
228 silly runTopLevelLifecycles Starting
229 silly runTopLevelLifecycles Finishing
230 silly install printInstalled
231 verbose stack Error: Command failed: git rev-list -n1 patch-1
231 verbose stack fatal: ambiguous argument 'patch-1': unknown revision or path not in the working tree.
231 verbose stack Use '--' to separate paths from revisions, like this:
231 verbose stack 'git <command> [<revision>...] -- [<file>...]'
231 verbose stack
231 verbose stack     at ChildProcess.exithandler (child_process.js:213:12)
231 verbose stack     at emitTwo (events.js:87:13)
231 verbose stack     at ChildProcess.emit (events.js:172:7)
231 verbose stack     at maybeClose (internal/child_process.js:818:16)
231 verbose stack     at Process.ChildProcess._handle.onexit (internal/child_process.js:211:5)
232 verbose cwd /Users/kristinhoffer/Desktop/School/General_Assembly/WDI_Immersive/WDI/Project03/project3
233 error Darwin 15.2.0
234 error argv "/usr/local/Cellar/node/5.3.0/bin/node" "/usr/local/bin/npm" "install" "bootstrap-modal" "--save"
235 error node v5.3.0
236 error npm  v3.3.12
237 error code 128
238 error Command failed: git rev-list -n1 patch-1
238 error fatal: ambiguous argument 'patch-1': unknown revision or path not in the working tree.
238 error Use '--' to separate paths from revisions, like this:
238 error 'git <command> [<revision>...] -- [<file>...]'
239 error If you need help, you may report this error at:
239 error     <https://github.com/npm/npm/issues>
240 verbose exit [ 1, true ]
